Arguments: 
  C:\Program Files\nodejs\node.exe C:\Program Files\nodejs\node_modules\yarn\bin\yarn.js add socket.io-cors

PATH: 
  C:\Users\DESARROLLADOR 9\bin;C:\Program Files\Git\mingw64\bin;C:\Program Files\Git\usr\local\bin;C:\Program Files\Git\usr\bin;C:\Program Files\Git\usr\bin;C:\Program Files\Git\mingw64\bin;C:\Program Files\Git\usr\bin;C:\Users\DESARROLLADOR 9\bin;C:\WINDOWS\system32;C:\WINDOWS;C:\WINDOWS\System32\Wbem;C:\WINDOWS\System32\WindowsPowerShell\v1.0;C:\WINDOWS\System32\OpenSSH;C:\Program Files\Git\cmd;C:\Program Files (x86)\Microsoft SQL Server\160\DTS\Binn;C:\Program Files\Azure Data Studio\bin;C:\Users\DESARROLLADOR 9\AppData\Roaming\nvm;C:\Program Files\nodejs;C:\Users\DESARROLLADOR 9\AppData\Local\Microsoft\WindowsApps;C:\Users\DESARROLLADOR 9\AppData\Local\Programs\Microsoft VS Code\bin;C:\Program Files\Redis;C:\Users\DESARROLLADOR 9\AppData\Roaming\nvm;C:\Program Files\nodejs;C:\Program Files\Git\usr\bin\vendor_perl;C:\Program Files\Git\usr\bin\core_perl

Yarn version: 
  1.22.19

Node version: 
  16.14.0

Platform: 
  win32 x64

Trace: 
  Error: https://registry.yarnpkg.com/socket.io-cors: Not found
      at Request.params.callback [as _callback] (C:\Users\DESARROLLADOR 9\AppData\Roaming\nvm\v16.14.0\node_modules\yarn\lib\cli.js:66145:18)
      at Request.self.callback (C:\Users\DESARROLLADOR 9\AppData\Roaming\nvm\v16.14.0\node_modules\yarn\lib\cli.js:140890:22)
      at Request.emit (node:events:520:28)
      at Request.<anonymous> (C:\Users\DESARROLLADOR 9\AppData\Roaming\nvm\v16.14.0\node_modules\yarn\lib\cli.js:141862:10)
      at Request.emit (node:events:520:28)
      at IncomingMessage.<anonymous> (C:\Users\DESARROLLADOR 9\AppData\Roaming\nvm\v16.14.0\node_modules\yarn\lib\cli.js:141784:12)
      at Object.onceWrapper (node:events:639:28)
      at IncomingMessage.emit (node:events:532:35)
      at endReadableNT (node:internal/streams/readable:1346:12)
      at processTicksAndRejections (node:internal/process/task_queues:83:21)

npm manifest: 
  {
    "name": "socket-error",
    "version": "1.0.0",
    "description": "",
    "main": "index.js",
    "scripts": {
      "test": "echo \"Error: no test specified\" && exit 1"
    },
    "keywords": [],
    "author": "",
    "license": "ISC",
    "dependencies": {
      "cors": "^2.8.5",
      "express": "^4.18.2",
      "nodemon": "^2.0.22",
      "socket.io": "^4.6.1"
    }
  }

yarn manifest: 
  No manifest

Lockfile: 
  No lockfile
